<?xml version="1.0" encoding="UTF-8"?>
<testng-results skipped="0" failed="0" ignored="0" total="1" passed="1">
  <reporter-output>
  </reporter-output>
  <suite name="TestSuite" duration-ms="15730" started-at="2020-12-30T09:17:25Z" finished-at="2020-12-30T09:17:41Z">
    <groups>
      <group name="cucumber">
        <method signature="AbstractTestNGCucumberTests.runScenario(io.cucumber.testng.PickleWrapper, io.cucumber.testng.FeatureWrapper)[pri:0, instance:com.epam.runner.CovidReportRunner@5f3a4b84]" name="runScenario" class="io.cucumber.testng.AbstractTestNGCucumberTests"/>
      </group> <!-- cucumber -->
    </groups>
    <test name="Covid19 Runner" duration-ms="15730" started-at="2020-12-30T09:17:25Z" finished-at="2020-12-30T09:17:41Z">
      <class name="com.epam.runner.CovidReportRunner">
        <test-method status="PASS" signature="setupSuite()[pri:0, instance:com.epam.runner.CovidReportRunner@5f3a4b84]" name="setupSuite" is-config="true" duration-ms="89" started-at="2020-12-30T09:17:25Z" finished-at="2020-12-30T09:17:25Z">
          <reporter-output>
          </reporter-output>
        </test-method> <!-- setupSuite -->
        <test-method status="PASS" signature="setUpClass()[pri:0, instance:com.epam.runner.CovidReportRunner@5f3a4b84]" name="setUpClass" is-config="true" duration-ms="65" started-at="2020-12-30T09:17:25Z" finished-at="2020-12-30T09:17:25Z">
          <reporter-output>
          </reporter-output>
        </test-method> <!-- setUpClass -->
        <test-method status="PASS" signature="setUp(java.lang.String)[pri:0, instance:com.epam.runner.CovidReportRunner@5f3a4b84]" name="setUp" is-config="true" duration-ms="5764" started-at="2020-12-30T09:17:25Z" finished-at="2020-12-30T09:17:31Z">
          <params>
            <param index="0">
              <value>
                <![CDATA[chrome]]>
              </value>
            </param>
          </params>
          <reporter-output>
          </reporter-output>
        </test-method> <!-- setUp -->
        <test-method status="PASS" signature="runScenario(io.cucumber.testng.PickleWrapper, io.cucumber.testng.FeatureWrapper)[pri:0, instance:com.epam.runner.CovidReportRunner@5f3a4b84]" name="runScenario" duration-ms="8551" started-at="2020-12-30T09:17:31Z" description="Runs Cucumber Scenarios" data-provider="scenarios" finished-at="2020-12-30T09:17:40Z">
          <params>
            <param index="0">
              <value>
                <![CDATA["Covid19Count for States with Top 3 Active cases"]]>
              </value>
            </param>
            <param index="1">
              <value>
                <![CDATA["Covid19Count for States with Top 3 Active cases"]]>
              </value>
            </param>
          </params>
          <reporter-output>
          </reporter-output>
        </test-method> <!-- runScenario -->
        <test-method status="PASS" signature="terminate()[pri:0, instance:com.epam.runner.CovidReportRunner@5f3a4b84]" name="terminate" is-config="true" duration-ms="816" started-at="2020-12-30T09:17:40Z" finished-at="2020-12-30T09:17:41Z">
          <reporter-output>
          </reporter-output>
        </test-method> <!-- terminate -->
        <test-method status="PASS" signature="tearDownClass()[pri:0, instance:com.epam.runner.CovidReportRunner@5f3a4b84]" name="tearDownClass" is-config="true" duration-ms="47" started-at="2020-12-30T09:17:41Z" finished-at="2020-12-30T09:17:41Z">
          <reporter-output>
          </reporter-output>
        </test-method> <!-- tearDownClass -->
        <test-method status="PASS" signature="afterSuite()[pri:0, instance:com.epam.runner.CovidReportRunner@5f3a4b84]" name="afterSuite" is-config="true" duration-ms="143" started-at="2020-12-30T09:17:41Z" finished-at="2020-12-30T09:17:41Z">
          <reporter-output>
          </reporter-output>
        </test-method> <!-- afterSuite -->
      </class> <!-- com.epam.runner.CovidReportRunner -->
    </test> <!-- Covid19 Runner -->
  </suite> <!-- TestSuite -->
</testng-results>
